TN:
SF:/home/user/Documents/Learn Blockchain Projects/hardhat-lottery/contracts/Raffle.sol
FN:55,constructor
FN:66,enterRaffle
FN:80,checkUpkeep
FN:97,performUpkeep
FN:118,fulfillRandomWords
FN:133,getEntranceFee
FN:137,getPlayer
FN:141,getWinner
FN:145,getRaffleState
FN:149,getNumberOfWords
FN:153,getNumberOfPlayers
FN:157,getLatestTimeStamp
FN:161,getRequestConfirmations
FN:165,getInterval
FNF:14
FNH:8
FNDA:3,constructor
FNDA:4,enterRaffle
FNDA:1,checkUpkeep
FNDA:1,performUpkeep
FNDA:0,fulfillRandomWords
FNDA:5,getEntranceFee
FNDA:1,getPlayer
FNDA:0,getWinner
FNDA:1,getRaffleState
FNDA:0,getNumberOfWords
FNDA:0,getNumberOfPlayers
FNDA:0,getLatestTimeStamp
FNDA:0,getRequestConfirmations
FNDA:5,getInterval
DA:56,3
DA:57,3
DA:58,3
DA:59,3
DA:60,3
DA:61,3
DA:62,3
DA:63,3
DA:67,4
DA:68,3
DA:69,3
DA:70,3
DA:90,1
DA:91,1
DA:92,1
DA:93,1
DA:94,1
DA:100,1
DA:101,1
DA:102,0
DA:107,1
DA:108,1
DA:115,0
DA:122,0
DA:123,0
DA:124,0
DA:125,0
DA:126,0
DA:127,0
DA:128,0
DA:129,0
DA:130,0
DA:134,5
DA:138,1
DA:142,0
DA:146,1
DA:150,0
DA:154,0
DA:158,0
DA:162,0
DA:166,5
LF:41
LH:25
BRDA:67,1,0,1
BRDA:67,1,1,3
BRDA:68,2,0,0
BRDA:68,2,1,3
BRDA:101,3,0,0
BRDA:101,3,1,1
BRDA:129,4,0,0
BRDA:129,4,1,0
BRF:8
BRH:4
end_of_record
TN:
SF:/home/user/Documents/Learn Blockchain Projects/hardhat-lottery/contracts/test/VRFCoordinatorV2Mock.sol
FNF:0
FNH:0
LF:0
LH:0
BRF:0
BRH:0
end_of_record
